<?xml version="1.0" encoding="UTF-8"?>
<testng-results ignored="0" total="1" passed="1" failed="0" skipped="0">
  <reporter-output>
  </reporter-output>
  <suite started-at="2023-12-21T09:24:04 IST" name="Suite" finished-at="2023-12-21T09:24:14 IST" duration-ms="10801">
    <groups>
    </groups>
    <test started-at="2023-12-21T09:24:04 IST" name="Test" finished-at="2023-12-21T09:24:14 IST" duration-ms="10801">
      <class name="TestCase.TestCase1">
        <test-method signature="LaunchingTheUrl()[pri:0, instance:TestCase.TestCase1@4b23c30a]" started-at="2023-12-21T09:24:04 IST" name="LaunchingTheUrl" finished-at="2023-12-21T09:24:14 IST" duration-ms="10726" status="PASS">
          <reporter-output>
          </reporter-output>
        </test-method> <!-- LaunchingTheUrl -->
      </class> <!-- TestCase.TestCase1 -->
    </test> <!-- Test -->
  </suite> <!-- Suite -->
</testng-results>
